Common subdirectories: torch260_cu126_image/_C and torch260_cu126_official/_C
Only in torch260_cu126_official/: _C.cpython-310-x86_64-linux-gnu.so
Only in torch260_cu126_image/: _C.cpython-312-x86_64-linux-gnu.so
Common subdirectories: torch260_cu126_image/__pycache__ and torch260_cu126_official/__pycache__
Common subdirectories: torch260_cu126_image/_awaits and torch260_cu126_official/_awaits
Common subdirectories: torch260_cu126_image/_custom_op and torch260_cu126_official/_custom_op
Common subdirectories: torch260_cu126_image/_decomp and torch260_cu126_official/_decomp
Common subdirectories: torch260_cu126_image/_dispatch and torch260_cu126_official/_dispatch
Common subdirectories: torch260_cu126_image/_dynamo and torch260_cu126_official/_dynamo
Common subdirectories: torch260_cu126_image/_export and torch260_cu126_official/_export
Common subdirectories: torch260_cu126_image/_functorch and torch260_cu126_official/_functorch
Common subdirectories: torch260_cu126_image/_higher_order_ops and torch260_cu126_official/_higher_order_ops
Common subdirectories: torch260_cu126_image/_inductor and torch260_cu126_official/_inductor
Common subdirectories: torch260_cu126_image/_lazy and torch260_cu126_official/_lazy
Common subdirectories: torch260_cu126_image/_library and torch260_cu126_official/_library
Common subdirectories: torch260_cu126_image/_logging and torch260_cu126_official/_logging
diff torch260_cu126_image/_meta_registrations.py torch260_cu126_official/_meta_registrations.py
5123,5130d5122
<     USE_PPU = torch.cuda.get_device_name().lower().find("ppu") != -1
<     if not USE_PPU:
<         philox_seed = torch.empty((), dtype=torch.long, device="meta")
<         philox_offset = torch.empty((), dtype=torch.long, device="meta")
<     else:
<         philox_seed = torch.empty((2), dtype=torch.long, device="meta")
<         philox_offset = torch.empty((2), dtype=torch.long, device="meta")
< 
5158,5159c5150,5151
<         philox_seed,
<         philox_offset,
---
>         torch.empty((), dtype=torch.long, device="meta"),
>         torch.empty((), dtype=torch.long, device="meta"),
5486,5493d5477
<     USE_PPU = torch.cuda.get_device_name().lower().find("ppu") != -1
<     if not USE_PPU:
<         philox_seed = torch.empty((), dtype=torch.long, device="meta")
<         philox_offset = torch.empty((), dtype=torch.long, device="meta")
<     else:
<         philox_seed = torch.empty((2), dtype=torch.long, device="meta")
<         philox_offset = torch.empty((2), dtype=torch.long, device="meta")
< 
5513,5514c5497,5498
<         philox_seed,
<         philox_offset,
---
>         torch.empty((), dtype=torch.long, device="meta"),
>         torch.empty((), dtype=torch.long, device="meta"),
Common subdirectories: torch260_cu126_image/_numpy and torch260_cu126_official/_numpy
Common subdirectories: torch260_cu126_image/_prims and torch260_cu126_official/_prims
Common subdirectories: torch260_cu126_image/_prims_common and torch260_cu126_official/_prims_common
Common subdirectories: torch260_cu126_image/_refs and torch260_cu126_official/_refs
Common subdirectories: torch260_cu126_image/_strobelight and torch260_cu126_official/_strobelight
Common subdirectories: torch260_cu126_image/_subclasses and torch260_cu126_official/_subclasses
Common subdirectories: torch260_cu126_image/_vendor and torch260_cu126_official/_vendor
Common subdirectories: torch260_cu126_image/accelerator and torch260_cu126_official/accelerator
Common subdirectories: torch260_cu126_image/amp and torch260_cu126_official/amp
Common subdirectories: torch260_cu126_image/ao and torch260_cu126_official/ao
Common subdirectories: torch260_cu126_image/autograd and torch260_cu126_official/autograd
Common subdirectories: torch260_cu126_image/backends and torch260_cu126_official/backends
Common subdirectories: torch260_cu126_image/bin and torch260_cu126_official/bin
Common subdirectories: torch260_cu126_image/compiler and torch260_cu126_official/compiler
Common subdirectories: torch260_cu126_image/contrib and torch260_cu126_official/contrib
Common subdirectories: torch260_cu126_image/cpu and torch260_cu126_official/cpu
Common subdirectories: torch260_cu126_image/cuda and torch260_cu126_official/cuda
Common subdirectories: torch260_cu126_image/distributed and torch260_cu126_official/distributed
Common subdirectories: torch260_cu126_image/distributions and torch260_cu126_official/distributions
Common subdirectories: torch260_cu126_image/export and torch260_cu126_official/export
Common subdirectories: torch260_cu126_image/fft and torch260_cu126_official/fft
Common subdirectories: torch260_cu126_image/func and torch260_cu126_official/func
Common subdirectories: torch260_cu126_image/futures and torch260_cu126_official/futures
Common subdirectories: torch260_cu126_image/fx and torch260_cu126_official/fx
Common subdirectories: torch260_cu126_image/include and torch260_cu126_official/include
Common subdirectories: torch260_cu126_image/jit and torch260_cu126_official/jit
Common subdirectories: torch260_cu126_image/lib and torch260_cu126_official/lib
Common subdirectories: torch260_cu126_image/linalg and torch260_cu126_official/linalg
Common subdirectories: torch260_cu126_image/masked and torch260_cu126_official/masked
Common subdirectories: torch260_cu126_image/monitor and torch260_cu126_official/monitor
Common subdirectories: torch260_cu126_image/mps and torch260_cu126_official/mps
Common subdirectories: torch260_cu126_image/mtia and torch260_cu126_official/mtia
Common subdirectories: torch260_cu126_image/multiprocessing and torch260_cu126_official/multiprocessing
Common subdirectories: torch260_cu126_image/nested and torch260_cu126_official/nested
Common subdirectories: torch260_cu126_image/nn and torch260_cu126_official/nn
Common subdirectories: torch260_cu126_image/onnx and torch260_cu126_official/onnx
Common subdirectories: torch260_cu126_image/optim and torch260_cu126_official/optim
Common subdirectories: torch260_cu126_image/package and torch260_cu126_official/package
Common subdirectories: torch260_cu126_image/profiler and torch260_cu126_official/profiler
Common subdirectories: torch260_cu126_image/quantization and torch260_cu126_official/quantization
Common subdirectories: torch260_cu126_image/share and torch260_cu126_official/share
Common subdirectories: torch260_cu126_image/signal and torch260_cu126_official/signal
Common subdirectories: torch260_cu126_image/sparse and torch260_cu126_official/sparse
Common subdirectories: torch260_cu126_image/special and torch260_cu126_official/special
Only in torch260_cu126_image/: test
Common subdirectories: torch260_cu126_image/testing and torch260_cu126_official/testing
Common subdirectories: torch260_cu126_image/utils and torch260_cu126_official/utils
diff torch260_cu126_image/version.py torch260_cu126_official/version.py
4c4
< __version__ = '2.6.0'
---
> __version__ = '2.6.0+cu126'
7c7
< git_version = '9975dc07d82845747c0542343b0670bc3b44ca57'
---
> git_version = '2236df1770800ffea5697b11b0bb0d910b2e59e1'
Common subdirectories: torch260_cu126_image/xpu and torch260_cu126_official/xpu
